<?xml version="1.0" encoding="UTF-8"?>
<!-- Generated by org.testng.reporters.JUnitReportReporter -->
<testsuite hostname="EPBYMINW0610" name="com.epam.ftm.demo3.additional.native_page_object_constructor_modified.GitHubTest" tests="1" failures="0" timestamp="23 Dec 2016 08:24:44 GMT" time="4.881" errors="0">
  <testcase name="loginToGithub" time="4.881" classname="com.epam.ftm.demo3.additional.native_page_object_constructor_modified.GitHubTest"/>
</testsuite> <!-- com.epam.ftm.demo3.additional.native_page_object_constructor_modified.GitHubTest -->
