<?xml version="1.0" encoding="UTF-8"?>
<!-- Generated by org.testng.reporters.JUnitReportReporter -->
<testsuite hostname="EPBYMINW0610" name="com.epam.ftm.demo3.lection_demo_native_page_object.GitHubTest" tests="1" failures="0" timestamp="19 Sep 2016 15:16:57 GMT" time="7.164" errors="0">
  <testcase name="loginToGithub" time="7.164" classname="com.epam.ftm.demo3.lection_demo_native_page_object.GitHubTest"/>
</testsuite> <!-- com.epam.ftm.demo3.lection_demo_native_page_object.GitHubTest -->
