<?xml version="1.0" encoding="UTF-8"?>
<!-- Generated by org.testng.reporters.JUnitReportReporter -->
<testsuite hostname="EPBYMINW0610" name="com.epam.byta.webdriver.demo2.misc.WiniumBasicDemo" tests="1" failures="0" timestamp="20 Jul 2016 09:02:06 GMT" time="5.191" errors="0">
  <testcase name="notepadBasicTest" time="5.191" classname="com.epam.byta.webdriver.demo2.misc.WiniumBasicDemo"/>
</testsuite> <!-- com.epam.byta.webdriver.demo2.misc.WiniumBasicDemo -->
