<?xml version="1.0" encoding="UTF-8"?>
<!-- Generated by org.testng.reporters.JUnitReportReporter -->
<testsuite skipped="0" hostname="EPBYMINW3054" name="com.epam.ftm.demo3.additional_po.custom_page_object_with_abstract_page.GitHubTest" tests="1" failures="0" timestamp="19 Dec 2018 16:33:20 GMT" time="1.960" errors="0">
  <testcase name="loginToGithub" time="1.960" classname="com.epam.ftm.demo3.additional_po.custom_page_object_with_abstract_page.GitHubTest"/>
</testsuite> <!-- com.epam.ftm.demo3.additional_po.custom_page_object_with_abstract_page.GitHubTest -->
