<?xml version="1.0" encoding="UTF-8"?>
<!-- Generated by org.testng.reporters.JUnitReportReporter -->
<testsuite skipped="0" hostname="EPBYMINW3054" name="com.epam.ftm.demo3.additional_po.native_page_object_with_abstract_page.GitHubTest" tests="1" failures="0" timestamp="20 Dec 2018 18:08:27 GMT" time="3.007" errors="0">
  <testcase name="loginToGithub" time="3.007" classname="com.epam.ftm.demo3.additional_po.native_page_object_with_abstract_page.GitHubTest"/>
</testsuite> <!-- com.epam.ftm.demo3.additional_po.native_page_object_with_abstract_page.GitHubTest -->
