<?xml version="1.0" encoding="UTF-8"?>
<!-- Generated by org.testng.reporters.JUnitReportReporter -->
<testsuite skipped="0" hostname="EPBYMINW3054" name="com.epam.ftm.demo3.additional_po.native_page_object_with_abstract_page.YandexTest" tests="1" failures="0" timestamp="22 Dec 2018 12:57:52 GMT" time="2.818" errors="0">
  <testcase name="loginToYandex" time="2.818" classname="com.epam.ftm.demo3.additional_po.native_page_object_with_abstract_page.YandexTest"/>
</testsuite> <!-- com.epam.ftm.demo3.additional_po.native_page_object_with_abstract_page.YandexTest -->
