<?xml version="1.0" encoding="UTF-8"?>
<!-- Generated by org.testng.reporters.JUnitReportReporter -->
<testsuite hostname="EPBYMINW0610" name="com.epam.byta.webdriver.demo2.lection_demo_native_page_object.GitHubTest" tests="1" failures="0" timestamp="20 Jul 2016 09:39:02 GMT" time="7.689" errors="0">
  <testcase name="loginToGithub" time="7.689" classname="com.epam.byta.webdriver.demo2.lection_demo_native_page_object.GitHubTest"/>
</testsuite> <!-- com.epam.byta.webdriver.demo2.lection_demo_native_page_object.GitHubTest -->
