<?xml version="1.0" encoding="UTF-8"?>
<!-- Generated by org.testng.reporters.JUnitReportReporter -->
<testsuite skipped="0" hostname="EPBYMINW3054" name="com.epam.ftm.demo2.chrome.Yandex" tests="1" failures="0" timestamp="11 Dec 2018 09:38:43 GMT" time="3.855" errors="0">
  <testcase name="loginToYandex" time="3.855" classname="com.epam.ftm.demo2.chrome.Yandex"/>
</testsuite> <!-- com.epam.ftm.demo2.chrome.Yandex -->
