<?xml version="1.0" encoding="UTF-8"?>
<!-- Generated by org.testng.reporters.JUnitReportReporter -->
<testsuite skipped="0" hostname="EPBYMINW3054" name="com.epam.ftm.demo2.chrome.YandexCHR" tests="1" failures="0" timestamp="11 Dec 2018 10:05:18 GMT" time="2.458" errors="0">
  <testcase name="loginToYandex" time="2.458" classname="com.epam.ftm.demo2.chrome.YandexCHR"/>
</testsuite> <!-- com.epam.ftm.demo2.chrome.YandexCHR -->
